<?xml version="1.0" encoding="UTF-8"?>
<!-- Generated by org.testng.reporters.JUnitReportReporter -->
<testsuite hostname="VijayaSachinLaptop" name="com.VerifyTitle" tests="1" failures="0" timestamp="7 Feb 2019 11:00:52 GMT" time="25.613" errors="0">
  <testcase name="verifyTitle" time="25.613" classname="com.VerifyTitle"/>
</testsuite> <!-- com.VerifyTitle -->
