<?xml version="1.0" encoding="UTF-8"?>
<!-- Generated by org.testng.reporters.JUnitReportReporter -->
<testsuite hostname="VijayaSachinLaptop" name="com.Dropdown.SelectDropdown" tests="1" failures="0" timestamp="5 Feb 2019 03:12:47 GMT" time="21.254" errors="0">
  <testcase name="selectDDValues" time="21.254" classname="com.Dropdown.SelectDropdown"/>
</testsuite> <!-- com.Dropdown.SelectDropdown -->
