<?xml version="1.0" encoding="UTF-8"?>
<!-- Generated by org.testng.reporters.JUnitReportReporter -->
<testsuite hostname="VijayaSachinLaptop" name="Library.PropertiesDemo" tests="1" failures="0" timestamp="7 Feb 2019 06:54:41 GMT" time="34.402" errors="0">
  <testcase name="testConfig" time="34.402" classname="Library.PropertiesDemo"/>
</testsuite> <!-- Library.PropertiesDemo -->
