<?xml version="1.0" encoding="UTF-8"?>
<!-- Generated by org.testng.reporters.JUnitReportReporter -->
<testsuite hostname="VijayaSachinLaptop" name="com.sample" tests="1" failures="0" timestamp="7 Feb 2019 09:53:15 GMT" time="21.154" errors="0">
  <testcase name="setEnv" time="21.154" classname="com.sample"/>
</testsuite> <!-- com.sample -->
