<?xml version="1.0" encoding="UTF-8"?>
<!-- Generated by org.testng.reporters.JUnitReportReporter -->
<testsuite hostname="VijayaSachinLaptop" name="com.Dropdown.SelectDropdownValue" tests="1" failures="0" timestamp="5 Feb 2019 02:24:27 GMT" time="21.351" errors="0">
  <testcase name="selectDDValues" time="21.351" classname="com.Dropdown.SelectDropdownValue"/>
</testsuite> <!-- com.Dropdown.SelectDropdownValue -->
