<?xml version="1.0" encoding="UTF-8"?>
<!-- Generated by org.testng.reporters.JUnitReportReporter -->
<testsuite hostname="VijayaSachinLaptop" name="com.Cookies.CookiesDemo" tests="1" failures="0" timestamp="5 Feb 2019 07:35:55 GMT" time="25.812" errors="0">
  <testcase name="cookiesList" time="25.812" classname="com.Cookies.CookiesDemo"/>
</testsuite> <!-- com.Cookies.CookiesDemo -->
