<?xml version="1.0" encoding="UTF-8"?>
<!-- Generated by org.testng.reporters.JUnitReportReporter -->
<testsuite hostname="VijayaSachinLaptop" name="com.Dropdown.SelectDropdownEnhance" tests="1" failures="0" timestamp="5 Feb 2019 02:45:42 GMT" time="32.273" errors="0">
  <testcase name="selectDDValues" time="32.273" classname="com.Dropdown.SelectDropdownEnhance"/>
</testsuite> <!-- com.Dropdown.SelectDropdownEnhance -->
