<?xml version="1.0" encoding="UTF-8"?>
<!-- Generated by org.testng.reporters.JUnitReportReporter -->
<testsuite hostname="VijayaSachinLaptop" name="com.Screenshot.ScreeshotDemo" tests="1" failures="0" timestamp="5 Feb 2019 02:15:23 GMT" time="33.624" errors="0">
  <testcase name="captureScreenshot" time="33.624" classname="com.Screenshot.ScreeshotDemo"/>
</testsuite> <!-- com.Screenshot.ScreeshotDemo -->
