<?xml version="1.0" encoding="UTF-8"?>
<!-- Generated by org.testng.reporters.JUnitReportReporter -->
<testsuite hostname="VijayaSachinLaptop" name="com.AlertDemo" tests="1" failures="0" timestamp="1 Feb 2019 12:20:24 GMT" time="22.150" errors="0">
  <testcase name="alertmsg" time="22.150" classname="com.AlertDemo"/>
</testsuite> <!-- com.AlertDemo -->
